
*** Running vivado
    with args -log Zynq_PS_axi_gpio_0_0.vds -m64 -product Vivado -mode batch -messageDb vivado.pb -notrace -source Zynq_PS_axi_gpio_0_0.tcl



****** Vivado v2025.1 (64-bit)
  **** SW Build 6140274 on Thu May 22 00:12:29 MDT 2025
  **** IP Build 6138677 on Thu May 22 03:10:11 MDT 2025
  **** SharedData Build 6139179 on Tue May 20 17:58:58 MDT 2025
  **** Start of session at: Fri Oct 31 16:44:11 2025
    ** Copyright 1986-2022 Xilinx, Inc. All Rights Reserved.
    ** Copyright 2022-2025 Advanced Micro Devices, Inc. All Rights Reserved.

source Zynq_PS_axi_gpio_0_0.tcl -notrace
create_project: Time (s): cpu = 00:00:19 ; elapsed = 00:00:16 . Memory (MB): peak = 602.484 ; gain = 209.738
Command: synth_design -top Zynq_PS_axi_gpio_0_0 -part xc7z020clg400-1 -incremental_mode off -mode out_of_context
Starting synth_design
Attempting to get a license for feature 'Synthesis' and/or device 'xc7z020'
INFO: [Common 17-349] Got license for feature 'Synthesis' and/or device 'xc7z020'
INFO: [Device 21-403] Loading part xc7z020clg400-1
INFO: [Synth 8-7079] Multithreading enabled for synth_design using a maximum of 2 processes.
INFO: [Synth 8-7078] Launching helper process for spawning children vivado processes
INFO: [Synth 8-7075] Helper process launched with PID 9232
---------------------------------------------------------------------------------
Starting RTL Elaboration : Time (s): cpu = 00:00:08 ; elapsed = 00:00:10 . Memory (MB): peak = 1338.051 ; gain = 492.719
---------------------------------------------------------------------------------
INFO: [Synth 8-638] synthesizing module 'Zynq_PS_axi_gpio_0_0' [c:/Users/admin/Documents/autonomous-vehicle/Zybo-Z7/AutonomousVehicle.gen/sources_1/bd/Zynq_PS/ip/Zynq_PS_axi_gpio_0_0/synth/Zynq_PS_axi_gpio_0_0.vhd:89]
	Parameter C_FAMILY bound to: zynq - type: string 
	Parameter C_S_AXI_ADDR_WIDTH bound to: 9 - type: integer 
	Parameter C_S_AXI_DATA_WIDTH bound to: 32 - type: integer 
	Parameter C_GPIO_WIDTH bound to: 32 - type: integer 
	Parameter C_GPIO2_WIDTH bound to: 32 - type: integer 
	Parameter C_ALL_INPUTS bound to: 0 - type: integer 
	Parameter C_ALL_INPUTS_2 bound to: 0 - type: integer 
	Parameter C_ALL_OUTPUTS bound to: 0 - type: integer 
	Parameter C_ALL_OUTPUTS_2 bound to: 0 - type: integer 
	Parameter C_INTERRUPT_PRESENT bound to: 0 - type: integer 
	Parameter C_DOUT_DEFAULT bound to: 32'b00000000000000000000000000000000 
	Parameter C_TRI_DEFAULT bound to: 32'b11111111111111111111111111111111 
	Parameter C_IS_DUAL bound to: 1 - type: integer 
	Parameter C_DOUT_DEFAULT_2 bound to: 32'b00000000000000000000000000000000 
	Parameter C_TRI_DEFAULT_2 bound to: 32'b11111111111111111111111111111111 
INFO: [Synth 8-3491] module 'axi_gpio' declared at 'c:/Users/admin/Documents/autonomous-vehicle/Zybo-Z7/AutonomousVehicle.gen/sources_1/bd/Zynq_PS/ipshared/0271/hdl/axi_gpio_v2_0_vh_rfs.vhd:1255' bound to instance 'U0' of component 'axi_gpio' [c:/Users/admin/Documents/autonomous-vehicle/Zybo-Z7/AutonomousVehicle.gen/sources_1/bd/Zynq_PS/ip/Zynq_PS_axi_gpio_0_0/synth/Zynq_PS_axi_gpio_0_0.vhd:185]
INFO: [Synth 8-638] synthesizing module 'axi_gpio' [c:/Users/admin/Documents/autonomous-vehicle/Zybo-Z7/AutonomousVehicle.gen/sources_1/bd/Zynq_PS/ipshared/0271/hdl/axi_gpio_v2_0_vh_rfs.vhd:1341]
INFO: [Synth 8-638] synthesizing module 'axi_lite_ipif' [c:/Users/admin/Documents/autonomous-vehicle/Zybo-Z7/AutonomousVehicle.gen/sources_1/bd/Zynq_PS/ipshared/66ea/hdl/axi_lite_ipif_v3_0_vh_rfs.vhd:2948]
INFO: [Synth 8-638] synthesizing module 'slave_attachment' [c:/Users/admin/Documents/autonomous-vehicle/Zybo-Z7/AutonomousVehicle.gen/sources_1/bd/Zynq_PS/ipshared/66ea/hdl/axi_lite_ipif_v3_0_vh_rfs.vhd:2341]
INFO: [Synth 8-638] synthesizing module 'address_decoder' [c:/Users/admin/Documents/autonomous-vehicle/Zybo-Z7/AutonomousVehicle.gen/sources_1/bd/Zynq_PS/ipshared/66ea/hdl/axi_lite_ipif_v3_0_vh_rfs.vhd:1775]
INFO: [Synth 8-638] synthesizing module 'pselect_f' [c:/Users/admin/Documents/autonomous-vehicle/Zybo-Z7/AutonomousVehicle.gen/sources_1/bd/Zynq_PS/ipshared/66ea/hdl/axi_lite_ipif_v3_0_vh_rfs.vhd:1534]
INFO: [Synth 8-256] done synthesizing module 'pselect_f' (0#1) [c:/Users/admin/Documents/autonomous-vehicle/Zybo-Z7/AutonomousVehicle.gen/sources_1/bd/Zynq_PS/ipshared/66ea/hdl/axi_lite_ipif_v3_0_vh_rfs.vhd:1534]
INFO: [Synth 8-638] synthesizing module 'pselect_f__parameterized0' [c:/Users/admin/Documents/autonomous-vehicle/Zybo-Z7/AutonomousVehicle.gen/sources_1/bd/Zynq_PS/ipshared/66ea/hdl/axi_lite_ipif_v3_0_vh_rfs.vhd:1534]
INFO: [Synth 8-256] done synthesizing module 'pselect_f__parameterized0' (0#1) [c:/Users/admin/Documents/autonomous-vehicle/Zybo-Z7/AutonomousVehicle.gen/sources_1/bd/Zynq_PS/ipshared/66ea/hdl/axi_lite_ipif_v3_0_vh_rfs.vhd:1534]
INFO: [Synth 8-638] synthesizing module 'pselect_f__parameterized1' [c:/Users/admin/Documents/autonomous-vehicle/Zybo-Z7/AutonomousVehicle.gen/sources_1/bd/Zynq_PS/ipshared/66ea/hdl/axi_lite_ipif_v3_0_vh_rfs.vhd:1534]
INFO: [Synth 8-256] done synthesizing module 'pselect_f__parameterized1' (0#1) [c:/Users/admin/Documents/autonomous-vehicle/Zybo-Z7/AutonomousVehicle.gen/sources_1/bd/Zynq_PS/ipshared/66ea/hdl/axi_lite_ipif_v3_0_vh_rfs.vhd:1534]
INFO: [Synth 8-638] synthesizing module 'pselect_f__parameterized2' [c:/Users/admin/Documents/autonomous-vehicle/Zybo-Z7/AutonomousVehicle.gen/sources_1/bd/Zynq_PS/ipshared/66ea/hdl/axi_lite_ipif_v3_0_vh_rfs.vhd:1534]
INFO: [Synth 8-256] done synthesizing module 'pselect_f__parameterized2' (0#1) [c:/Users/admin/Documents/autonomous-vehicle/Zybo-Z7/AutonomousVehicle.gen/sources_1/bd/Zynq_PS/ipshared/66ea/hdl/axi_lite_ipif_v3_0_vh_rfs.vhd:1534]
INFO: [Synth 8-256] done synthesizing module 'address_decoder' (0#1) [c:/Users/admin/Documents/autonomous-vehicle/Zybo-Z7/AutonomousVehicle.gen/sources_1/bd/Zynq_PS/ipshared/66ea/hdl/axi_lite_ipif_v3_0_vh_rfs.vhd:1775]
INFO: [Synth 8-226] default block is never used [c:/Users/admin/Documents/autonomous-vehicle/Zybo-Z7/AutonomousVehicle.gen/sources_1/bd/Zynq_PS/ipshared/66ea/hdl/axi_lite_ipif_v3_0_vh_rfs.vhd:2550]
INFO: [Synth 8-256] done synthesizing module 'slave_attachment' (0#1) [c:/Users/admin/Documents/autonomous-vehicle/Zybo-Z7/AutonomousVehicle.gen/sources_1/bd/Zynq_PS/ipshared/66ea/hdl/axi_lite_ipif_v3_0_vh_rfs.vhd:2341]
INFO: [Synth 8-256] done synthesizing module 'axi_lite_ipif' (0#1) [c:/Users/admin/Documents/autonomous-vehicle/Zybo-Z7/AutonomousVehicle.gen/sources_1/bd/Zynq_PS/ipshared/66ea/hdl/axi_lite_ipif_v3_0_vh_rfs.vhd:2948]
INFO: [Synth 8-638] synthesizing module 'GPIO_Core' [c:/Users/admin/Documents/autonomous-vehicle/Zybo-Z7/AutonomousVehicle.gen/sources_1/bd/Zynq_PS/ipshared/0271/hdl/axi_gpio_v2_0_vh_rfs.vhd:182]
INFO: [Synth 8-226] default block is never used [c:/Users/admin/Documents/autonomous-vehicle/Zybo-Z7/AutonomousVehicle.gen/sources_1/bd/Zynq_PS/ipshared/0271/hdl/axi_gpio_v2_0_vh_rfs.vhd:833]
	Parameter DEST_SYNC_FF bound to: 4 - type: integer 
	Parameter INIT_SYNC_FF bound to: 0 - type: integer 
	Parameter SIM_ASSERT_CHK bound to: 0 - type: integer 
	Parameter SRC_INPUT_REG bound to: 0 - type: integer 
	Parameter WIDTH bound to: 32 - type: integer 
INFO: [Synth 8-3491] module 'xpm_cdc_array_single' declared at 'C:/ProgramFiles/Xilinx/2025.1/Vivado/data/ip/xpm/xpm_cdc/hdl/xpm_cdc.sv:903' bound to instance 'INPUT_DOUBLE_REGS4' of component 'xpm_cdc_array_single' [c:/Users/admin/Documents/autonomous-vehicle/Zybo-Z7/AutonomousVehicle.gen/sources_1/bd/Zynq_PS/ipshared/0271/hdl/axi_gpio_v2_0_vh_rfs.vhd:851]
INFO: [Synth 8-6157] synthesizing module 'xpm_cdc_array_single' [C:/ProgramFiles/Xilinx/2025.1/Vivado/data/ip/xpm/xpm_cdc/hdl/xpm_cdc.sv:903]
INFO: [Synth 8-6155] done synthesizing module 'xpm_cdc_array_single' (0#1) [C:/ProgramFiles/Xilinx/2025.1/Vivado/data/ip/xpm/xpm_cdc/hdl/xpm_cdc.sv:903]
	Parameter DEST_SYNC_FF bound to: 4 - type: integer 
	Parameter INIT_SYNC_FF bound to: 0 - type: integer 
	Parameter SIM_ASSERT_CHK bound to: 0 - type: integer 
	Parameter SRC_INPUT_REG bound to: 0 - type: integer 
	Parameter WIDTH bound to: 32 - type: integer 
INFO: [Synth 8-3491] module 'xpm_cdc_array_single' declared at 'C:/ProgramFiles/Xilinx/2025.1/Vivado/data/ip/xpm/xpm_cdc/hdl/xpm_cdc.sv:903' bound to instance 'INPUT_DOUBLE_REGS5' of component 'xpm_cdc_array_single' [c:/Users/admin/Documents/autonomous-vehicle/Zybo-Z7/AutonomousVehicle.gen/sources_1/bd/Zynq_PS/ipshared/0271/hdl/axi_gpio_v2_0_vh_rfs.vhd:880]
INFO: [Synth 8-256] done synthesizing module 'GPIO_Core' (0#1) [c:/Users/admin/Documents/autonomous-vehicle/Zybo-Z7/AutonomousVehicle.gen/sources_1/bd/Zynq_PS/ipshared/0271/hdl/axi_gpio_v2_0_vh_rfs.vhd:182]
INFO: [Synth 8-256] done synthesizing module 'axi_gpio' (0#1) [c:/Users/admin/Documents/autonomous-vehicle/Zybo-Z7/AutonomousVehicle.gen/sources_1/bd/Zynq_PS/ipshared/0271/hdl/axi_gpio_v2_0_vh_rfs.vhd:1341]
INFO: [Synth 8-256] done synthesizing module 'Zynq_PS_axi_gpio_0_0' (0#1) [c:/Users/admin/Documents/autonomous-vehicle/Zybo-Z7/AutonomousVehicle.gen/sources_1/bd/Zynq_PS/ip/Zynq_PS_axi_gpio_0_0/synth/Zynq_PS_axi_gpio_0_0.vhd:89]
WARNING: [Synth 8-6014] Unused sequential element Dual.ALLOUT0_ND_G0.READ_REG_GEN[0].GPIO_DBus_i_reg was removed.  [c:/Users/admin/Documents/autonomous-vehicle/Zybo-Z7/AutonomousVehicle.gen/sources_1/bd/Zynq_PS/ipshared/0271/hdl/axi_gpio_v2_0_vh_rfs.vhd:617]
WARNING: [Synth 8-6014] Unused sequential element Dual.ALLOUT0_ND_G0.READ_REG_GEN[1].GPIO_DBus_i_reg was removed.  [c:/Users/admin/Documents/autonomous-vehicle/Zybo-Z7/AutonomousVehicle.gen/sources_1/bd/Zynq_PS/ipshared/0271/hdl/axi_gpio_v2_0_vh_rfs.vhd:617]
WARNING: [Synth 8-6014] Unused sequential element Dual.ALLOUT0_ND_G0.READ_REG_GEN[2].GPIO_DBus_i_reg was removed.  [c:/Users/admin/Documents/autonomous-vehicle/Zybo-Z7/AutonomousVehicle.gen/sources_1/bd/Zynq_PS/ipshared/0271/hdl/axi_gpio_v2_0_vh_rfs.vhd:617]
WARNING: [Synth 8-6014] Unused sequential element Dual.ALLOUT0_ND_G0.READ_REG_GEN[3].GPIO_DBus_i_reg was removed.  [c:/Users/admin/Documents/autonomous-vehicle/Zybo-Z7/AutonomousVehicle.gen/sources_1/bd/Zynq_PS/ipshared/0271/hdl/axi_gpio_v2_0_vh_rfs.vhd:617]
WARNING: [Synth 8-6014] Unused sequential element Dual.ALLOUT0_ND_G0.READ_REG_GEN[4].GPIO_DBus_i_reg was removed.  [c:/Users/admin/Documents/autonomous-vehicle/Zybo-Z7/AutonomousVehicle.gen/sources_1/bd/Zynq_PS/ipshared/0271/hdl/axi_gpio_v2_0_vh_rfs.vhd:617]
WARNING: [Synth 8-6014] Unused sequential element Dual.ALLOUT0_ND_G0.READ_REG_GEN[5].GPIO_DBus_i_reg was removed.  [c:/Users/admin/Documents/autonomous-vehicle/Zybo-Z7/AutonomousVehicle.gen/sources_1/bd/Zynq_PS/ipshared/0271/hdl/axi_gpio_v2_0_vh_rfs.vhd:617]
WARNING: [Synth 8-6014] Unused sequential element Dual.ALLOUT0_ND_G0.READ_REG_GEN[6].GPIO_DBus_i_reg was removed.  [c:/Users/admin/Documents/autonomous-vehicle/Zybo-Z7/AutonomousVehicle.gen/sources_1/bd/Zynq_PS/ipshared/0271/hdl/axi_gpio_v2_0_vh_rfs.vhd:617]
WARNING: [Synth 8-6014] Unused sequential element Dual.ALLOUT0_ND_G0.READ_REG_GEN[7].GPIO_DBus_i_reg was removed.  [c:/Users/admin/Documents/autonomous-vehicle/Zybo-Z7/AutonomousVehicle.gen/sources_1/bd/Zynq_PS/ipshared/0271/hdl/axi_gpio_v2_0_vh_rfs.vhd:617]
WARNING: [Synth 8-6014] Unused sequential element Dual.ALLOUT0_ND_G0.READ_REG_GEN[8].GPIO_DBus_i_reg was removed.  [c:/Users/admin/Documents/autonomous-vehicle/Zybo-Z7/AutonomousVehicle.gen/sources_1/bd/Zynq_PS/ipshared/0271/hdl/axi_gpio_v2_0_vh_rfs.vhd:617]
WARNING: [Synth 8-6014] Unused sequential element Dual.ALLOUT0_ND_G0.READ_REG_GEN[9].GPIO_DBus_i_reg was removed.  [c:/Users/admin/Documents/autonomous-vehicle/Zybo-Z7/AutonomousVehicle.gen/sources_1/bd/Zynq_PS/ipshared/0271/hdl/axi_gpio_v2_0_vh_rfs.vhd:617]
WARNING: [Synth 8-6014] Unused sequential element Dual.ALLOUT0_ND_G0.READ_REG_GEN[10].GPIO_DBus_i_reg was removed.  [c:/Users/admin/Documents/autonomous-vehicle/Zybo-Z7/AutonomousVehicle.gen/sources_1/bd/Zynq_PS/ipshared/0271/hdl/axi_gpio_v2_0_vh_rfs.vhd:617]
WARNING: [Synth 8-6014] Unused sequential element Dual.ALLOUT0_ND_G0.READ_REG_GEN[11].GPIO_DBus_i_reg was removed.  [c:/Users/admin/Documents/autonomous-vehicle/Zybo-Z7/AutonomousVehicle.gen/sources_1/bd/Zynq_PS/ipshared/0271/hdl/axi_gpio_v2_0_vh_rfs.vhd:617]
WARNING: [Synth 8-6014] Unused sequential element Dual.ALLOUT0_ND_G0.READ_REG_GEN[12].GPIO_DBus_i_reg was removed.  [c:/Users/admin/Documents/autonomous-vehicle/Zybo-Z7/AutonomousVehicle.gen/sources_1/bd/Zynq_PS/ipshared/0271/hdl/axi_gpio_v2_0_vh_rfs.vhd:617]
WARNING: [Synth 8-6014] Unused sequential element Dual.ALLOUT0_ND_G0.READ_REG_GEN[13].GPIO_DBus_i_reg was removed.  [c:/Users/admin/Documents/autonomous-vehicle/Zybo-Z7/AutonomousVehicle.gen/sources_1/bd/Zynq_PS/ipshared/0271/hdl/axi_gpio_v2_0_vh_rfs.vhd:617]
WARNING: [Synth 8-6014] Unused sequential element Dual.ALLOUT0_ND_G0.READ_REG_GEN[14].GPIO_DBus_i_reg was removed.  [c:/Users/admin/Documents/autonomous-vehicle/Zybo-Z7/AutonomousVehicle.gen/sources_1/bd/Zynq_PS/ipshared/0271/hdl/axi_gpio_v2_0_vh_rfs.vhd:617]
WARNING: [Synth 8-6014] Unused sequential element Dual.ALLOUT0_ND_G0.READ_REG_GEN[15].GPIO_DBus_i_reg was removed.  [c:/Users/admin/Documents/autonomous-vehicle/Zybo-Z7/AutonomousVehicle.gen/sources_1/bd/Zynq_PS/ipshared/0271/hdl/axi_gpio_v2_0_vh_rfs.vhd:617]
WARNING: [Synth 8-6014] Unused sequential element Dual.ALLOUT0_ND_G0.READ_REG_GEN[16].GPIO_DBus_i_reg was removed.  [c:/Users/admin/Documents/autonomous-vehicle/Zybo-Z7/AutonomousVehicle.gen/sources_1/bd/Zynq_PS/ipshared/0271/hdl/axi_gpio_v2_0_vh_rfs.vhd:617]
WARNING: [Synth 8-6014] Unused sequential element Dual.ALLOUT0_ND_G0.READ_REG_GEN[17].GPIO_DBus_i_reg was removed.  [c:/Users/admin/Documents/autonomous-vehicle/Zybo-Z7/AutonomousVehicle.gen/sources_1/bd/Zynq_PS/ipshared/0271/hdl/axi_gpio_v2_0_vh_rfs.vhd:617]
WARNING: [Synth 8-6014] Unused sequential element Dual.ALLOUT0_ND_G0.READ_REG_GEN[18].GPIO_DBus_i_reg was removed.  [c:/Users/admin/Documents/autonomous-vehicle/Zybo-Z7/AutonomousVehicle.gen/sources_1/bd/Zynq_PS/ipshared/0271/hdl/axi_gpio_v2_0_vh_rfs.vhd:617]
WARNING: [Synth 8-6014] Unused sequential element Dual.ALLOUT0_ND_G0.READ_REG_GEN[19].GPIO_DBus_i_reg was removed.  [c:/Users/admin/Documents/autonomous-vehicle/Zybo-Z7/AutonomousVehicle.gen/sources_1/bd/Zynq_PS/ipshared/0271/hdl/axi_gpio_v2_0_vh_rfs.vhd:617]
WARNING: [Synth 8-6014] Unused sequential element Dual.ALLOUT0_ND_G0.READ_REG_GEN[20].GPIO_DBus_i_reg was removed.  [c:/Users/admin/Documents/autonomous-vehicle/Zybo-Z7/AutonomousVehicle.gen/sources_1/bd/Zynq_PS/ipshared/0271/hdl/axi_gpio_v2_0_vh_rfs.vhd:617]
WARNING: [Synth 8-6014] Unused sequential element Dual.ALLOUT0_ND_G0.READ_REG_GEN[21].GPIO_DBus_i_reg was removed.  [c:/Users/admin/Documents/autonomous-vehicle/Zybo-Z7/AutonomousVehicle.gen/sources_1/bd/Zynq_PS/ipshared/0271/hdl/axi_gpio_v2_0_vh_rfs.vhd:617]
WARNING: [Synth 8-6014] Unused sequential element Dual.ALLOUT0_ND_G0.READ_REG_GEN[22].GPIO_DBus_i_reg was removed.  [c:/Users/admin/Documents/autonomous-vehicle/Zybo-Z7/AutonomousVehicle.gen/sources_1/bd/Zynq_PS/ipshared/0271/hdl/axi_gpio_v2_0_vh_rfs.vhd:617]
WARNING: [Synth 8-6014] Unused sequential element Dual.ALLOUT0_ND_G0.READ_REG_GEN[23].GPIO_DBus_i_reg was removed.  [c:/Users/admin/Documents/autonomous-vehicle/Zybo-Z7/AutonomousVehicle.gen/sources_1/bd/Zynq_PS/ipshared/0271/hdl/axi_gpio_v2_0_vh_rfs.vhd:617]
WARNING: [Synth 8-6014] Unused sequential element Dual.ALLOUT0_ND_G0.READ_REG_GEN[24].GPIO_DBus_i_reg was removed.  [c:/Users/admin/Documents/autonomous-vehicle/Zybo-Z7/AutonomousVehicle.gen/sources_1/bd/Zynq_PS/ipshared/0271/hdl/axi_gpio_v2_0_vh_rfs.vhd:617]
WARNING: [Synth 8-6014] Unused sequential element Dual.ALLOUT0_ND_G0.READ_REG_GEN[25].GPIO_DBus_i_reg was removed.  [c:/Users/admin/Documents/autonomous-vehicle/Zybo-Z7/AutonomousVehicle.gen/sources_1/bd/Zynq_PS/ipshared/0271/hdl/axi_gpio_v2_0_vh_rfs.vhd:617]
WARNING: [Synth 8-6014] Unused sequential element Dual.ALLOUT0_ND_G0.READ_REG_GEN[26].GPIO_DBus_i_reg was removed.  [c:/Users/admin/Documents/autonomous-vehicle/Zybo-Z7/AutonomousVehicle.gen/sources_1/bd/Zynq_PS/ipshared/0271/hdl/axi_gpio_v2_0_vh_rfs.vhd:617]
WARNING: [Synth 8-6014] Unused sequential element Dual.ALLOUT0_ND_G0.READ_REG_GEN[27].GPIO_DBus_i_reg was removed.  [c:/Users/admin/Documents/autonomous-vehicle/Zybo-Z7/AutonomousVehicle.gen/sources_1/bd/Zynq_PS/ipshared/0271/hdl/axi_gpio_v2_0_vh_rfs.vhd:617]
WARNING: [Synth 8-6014] Unused sequential element Dual.ALLOUT0_ND_G0.READ_REG_GEN[28].GPIO_DBus_i_reg was removed.  [c:/Users/admin/Documents/autonomous-vehicle/Zybo-Z7/AutonomousVehicle.gen/sources_1/bd/Zynq_PS/ipshared/0271/hdl/axi_gpio_v2_0_vh_rfs.vhd:617]
WARNING: [Synth 8-6014] Unused sequential element Dual.ALLOUT0_ND_G0.READ_REG_GEN[29].GPIO_DBus_i_reg was removed.  [c:/Users/admin/Documents/autonomous-vehicle/Zybo-Z7/AutonomousVehicle.gen/sources_1/bd/Zynq_PS/ipshared/0271/hdl/axi_gpio_v2_0_vh_rfs.vhd:617]
WARNING: [Synth 8-6014] Unused sequential element Dual.ALLOUT0_ND_G0.READ_REG_GEN[30].GPIO_DBus_i_reg was removed.  [c:/Users/admin/Documents/autonomous-vehicle/Zybo-Z7/AutonomousVehicle.gen/sources_1/bd/Zynq_PS/ipshared/0271/hdl/axi_gpio_v2_0_vh_rfs.vhd:617]
WARNING: [Synth 8-6014] Unused sequential element Dual.ALLOUT0_ND_G0.READ_REG_GEN[31].GPIO_DBus_i_reg was removed.  [c:/Users/admin/Documents/autonomous-vehicle/Zybo-Z7/AutonomousVehicle.gen/sources_1/bd/Zynq_PS/ipshared/0271/hdl/axi_gpio_v2_0_vh_rfs.vhd:617]
WARNING: [Synth 8-6014] Unused sequential element Dual.ALLOUT0_ND_G2.READ_REG2_GEN[0].GPIO2_DBus_i_reg was removed.  [c:/Users/admin/Documents/autonomous-vehicle/Zybo-Z7/AutonomousVehicle.gen/sources_1/bd/Zynq_PS/ipshared/0271/hdl/axi_gpio_v2_0_vh_rfs.vhd:748]
WARNING: [Synth 8-6014] Unused sequential element Dual.ALLOUT0_ND_G2.READ_REG2_GEN[1].GPIO2_DBus_i_reg was removed.  [c:/Users/admin/Documents/autonomous-vehicle/Zybo-Z7/AutonomousVehicle.gen/sources_1/bd/Zynq_PS/ipshared/0271/hdl/axi_gpio_v2_0_vh_rfs.vhd:748]
WARNING: [Synth 8-6014] Unused sequential element Dual.ALLOUT0_ND_G2.READ_REG2_GEN[2].GPIO2_DBus_i_reg was removed.  [c:/Users/admin/Documents/autonomous-vehicle/Zybo-Z7/AutonomousVehicle.gen/sources_1/bd/Zynq_PS/ipshared/0271/hdl/axi_gpio_v2_0_vh_rfs.vhd:748]
WARNING: [Synth 8-6014] Unused sequential element Dual.ALLOUT0_ND_G2.READ_REG2_GEN[3].GPIO2_DBus_i_reg was removed.  [c:/Users/admin/Documents/autonomous-vehicle/Zybo-Z7/AutonomousVehicle.gen/sources_1/bd/Zynq_PS/ipshared/0271/hdl/axi_gpio_v2_0_vh_rfs.vhd:748]
WARNING: [Synth 8-6014] Unused sequential element Dual.ALLOUT0_ND_G2.READ_REG2_GEN[4].GPIO2_DBus_i_reg was removed.  [c:/Users/admin/Documents/autonomous-vehicle/Zybo-Z7/AutonomousVehicle.gen/sources_1/bd/Zynq_PS/ipshared/0271/hdl/axi_gpio_v2_0_vh_rfs.vhd:748]
WARNING: [Synth 8-6014] Unused sequential element Dual.ALLOUT0_ND_G2.READ_REG2_GEN[5].GPIO2_DBus_i_reg was removed.  [c:/Users/admin/Documents/autonomous-vehicle/Zybo-Z7/AutonomousVehicle.gen/sources_1/bd/Zynq_PS/ipshared/0271/hdl/axi_gpio_v2_0_vh_rfs.vhd:748]
WARNING: [Synth 8-6014] Unused sequential element Dual.ALLOUT0_ND_G2.READ_REG2_GEN[6].GPIO2_DBus_i_reg was removed.  [c:/Users/admin/Documents/autonomous-vehicle/Zybo-Z7/AutonomousVehicle.gen/sources_1/bd/Zynq_PS/ipshared/0271/hdl/axi_gpio_v2_0_vh_rfs.vhd:748]
WARNING: [Synth 8-6014] Unused sequential element Dual.ALLOUT0_ND_G2.READ_REG2_GEN[7].GPIO2_DBus_i_reg was removed.  [c:/Users/admin/Documents/autonomous-vehicle/Zybo-Z7/AutonomousVehicle.gen/sources_1/bd/Zynq_PS/ipshared/0271/hdl/axi_gpio_v2_0_vh_rfs.vhd:748]
WARNING: [Synth 8-6014] Unused sequential element Dual.ALLOUT0_ND_G2.READ_REG2_GEN[8].GPIO2_DBus_i_reg was removed.  [c:/Users/admin/Documents/autonomous-vehicle/Zybo-Z7/AutonomousVehicle.gen/sources_1/bd/Zynq_PS/ipshared/0271/hdl/axi_gpio_v2_0_vh_rfs.vhd:748]
WARNING: [Synth 8-6014] Unused sequential element Dual.ALLOUT0_ND_G2.READ_REG2_GEN[9].GPIO2_DBus_i_reg was removed.  [c:/Users/admin/Documents/autonomous-vehicle/Zybo-Z7/AutonomousVehicle.gen/sources_1/bd/Zynq_PS/ipshared/0271/hdl/axi_gpio_v2_0_vh_rfs.vhd:748]
WARNING: [Synth 8-6014] Unused sequential element Dual.ALLOUT0_ND_G2.READ_REG2_GEN[10].GPIO2_DBus_i_reg was removed.  [c:/Users/admin/Documents/autonomous-vehicle/Zybo-Z7/AutonomousVehicle.gen/sources_1/bd/Zynq_PS/ipshared/0271/hdl/axi_gpio_v2_0_vh_rfs.vhd:748]
WARNING: [Synth 8-6014] Unused sequential element Dual.ALLOUT0_ND_G2.READ_REG2_GEN[11].GPIO2_DBus_i_reg was removed.  [c:/Users/admin/Documents/autonomous-vehicle/Zybo-Z7/AutonomousVehicle.gen/sources_1/bd/Zynq_PS/ipshared/0271/hdl/axi_gpio_v2_0_vh_rfs.vhd:748]
WARNING: [Synth 8-6014] Unused sequential element Dual.ALLOUT0_ND_G2.READ_REG2_GEN[12].GPIO2_DBus_i_reg was removed.  [c:/Users/admin/Documents/autonomous-vehicle/Zybo-Z7/AutonomousVehicle.gen/sources_1/bd/Zynq_PS/ipshared/0271/hdl/axi_gpio_v2_0_vh_rfs.vhd:748]
WARNING: [Synth 8-6014] Unused sequential element Dual.ALLOUT0_ND_G2.READ_REG2_GEN[13].GPIO2_DBus_i_reg was removed.  [c:/Users/admin/Documents/autonomous-vehicle/Zybo-Z7/AutonomousVehicle.gen/sources_1/bd/Zynq_PS/ipshared/0271/hdl/axi_gpio_v2_0_vh_rfs.vhd:748]
WARNING: [Synth 8-6014] Unused sequential element Dual.ALLOUT0_ND_G2.READ_REG2_GEN[14].GPIO2_DBus_i_reg was removed.  [c:/Users/admin/Documents/autonomous-vehicle/Zybo-Z7/AutonomousVehicle.gen/sources_1/bd/Zynq_PS/ipshared/0271/hdl/axi_gpio_v2_0_vh_rfs.vhd:748]
WARNING: [Synth 8-6014] Unused sequential element Dual.ALLOUT0_ND_G2.READ_REG2_GEN[15].GPIO2_DBus_i_reg was removed.  [c:/Users/admin/Documents/autonomous-vehicle/Zybo-Z7/AutonomousVehicle.gen/sources_1/bd/Zynq_PS/ipshared/0271/hdl/axi_gpio_v2_0_vh_rfs.vhd:748]
WARNING: [Synth 8-6014] Unused sequential element Dual.ALLOUT0_ND_G2.READ_REG2_GEN[16].GPIO2_DBus_i_reg was removed.  [c:/Users/admin/Documents/autonomous-vehicle/Zybo-Z7/AutonomousVehicle.gen/sources_1/bd/Zynq_PS/ipshared/0271/hdl/axi_gpio_v2_0_vh_rfs.vhd:748]
WARNING: [Synth 8-6014] Unused sequential element Dual.ALLOUT0_ND_G2.READ_REG2_GEN[17].GPIO2_DBus_i_reg was removed.  [c:/Users/admin/Documents/autonomous-vehicle/Zybo-Z7/AutonomousVehicle.gen/sources_1/bd/Zynq_PS/ipshared/0271/hdl/axi_gpio_v2_0_vh_rfs.vhd:748]
WARNING: [Synth 8-6014] Unused sequential element Dual.ALLOUT0_ND_G2.READ_REG2_GEN[18].GPIO2_DBus_i_reg was removed.  [c:/Users/admin/Documents/autonomous-vehicle/Zybo-Z7/AutonomousVehicle.gen/sources_1/bd/Zynq_PS/ipshared/0271/hdl/axi_gpio_v2_0_vh_rfs.vhd:748]
WARNING: [Synth 8-6014] Unused sequential element Dual.ALLOUT0_ND_G2.READ_REG2_GEN[19].GPIO2_DBus_i_reg was removed.  [c:/Users/admin/Documents/autonomous-vehicle/Zybo-Z7/AutonomousVehicle.gen/sources_1/bd/Zynq_PS/ipshared/0271/hdl/axi_gpio_v2_0_vh_rfs.vhd:748]
WARNING: [Synth 8-6014] Unused sequential element Dual.ALLOUT0_ND_G2.READ_REG2_GEN[20].GPIO2_DBus_i_reg was removed.  [c:/Users/admin/Documents/autonomous-vehicle/Zybo-Z7/AutonomousVehicle.gen/sources_1/bd/Zynq_PS/ipshared/0271/hdl/axi_gpio_v2_0_vh_rfs.vhd:748]
WARNING: [Synth 8-6014] Unused sequential element Dual.ALLOUT0_ND_G2.READ_REG2_GEN[21].GPIO2_DBus_i_reg was removed.  [c:/Users/admin/Documents/autonomous-vehicle/Zybo-Z7/AutonomousVehicle.gen/sources_1/bd/Zynq_PS/ipshared/0271/hdl/axi_gpio_v2_0_vh_rfs.vhd:748]
WARNING: [Synth 8-6014] Unused sequential element Dual.ALLOUT0_ND_G2.READ_REG2_GEN[22].GPIO2_DBus_i_reg was removed.  [c:/Users/admin/Documents/autonomous-vehicle/Zybo-Z7/AutonomousVehicle.gen/sources_1/bd/Zynq_PS/ipshared/0271/hdl/axi_gpio_v2_0_vh_rfs.vhd:748]
WARNING: [Synth 8-6014] Unused sequential element Dual.ALLOUT0_ND_G2.READ_REG2_GEN[23].GPIO2_DBus_i_reg was removed.  [c:/Users/admin/Documents/autonomous-vehicle/Zybo-Z7/AutonomousVehicle.gen/sources_1/bd/Zynq_PS/ipshared/0271/hdl/axi_gpio_v2_0_vh_rfs.vhd:748]
WARNING: [Synth 8-6014] Unused sequential element Dual.ALLOUT0_ND_G2.READ_REG2_GEN[24].GPIO2_DBus_i_reg was removed.  [c:/Users/admin/Documents/autonomous-vehicle/Zybo-Z7/AutonomousVehicle.gen/sources_1/bd/Zynq_PS/ipshared/0271/hdl/axi_gpio_v2_0_vh_rfs.vhd:748]
WARNING: [Synth 8-6014] Unused sequential element Dual.ALLOUT0_ND_G2.READ_REG2_GEN[25].GPIO2_DBus_i_reg was removed.  [c:/Users/admin/Documents/autonomous-vehicle/Zybo-Z7/AutonomousVehicle.gen/sources_1/bd/Zynq_PS/ipshared/0271/hdl/axi_gpio_v2_0_vh_rfs.vhd:748]
WARNING: [Synth 8-6014] Unused sequential element Dual.ALLOUT0_ND_G2.READ_REG2_GEN[26].GPIO2_DBus_i_reg was removed.  [c:/Users/admin/Documents/autonomous-vehicle/Zybo-Z7/AutonomousVehicle.gen/sources_1/bd/Zynq_PS/ipshared/0271/hdl/axi_gpio_v2_0_vh_rfs.vhd:748]
WARNING: [Synth 8-6014] Unused sequential element Dual.ALLOUT0_ND_G2.READ_REG2_GEN[27].GPIO2_DBus_i_reg was removed.  [c:/Users/admin/Documents/autonomous-vehicle/Zybo-Z7/AutonomousVehicle.gen/sources_1/bd/Zynq_PS/ipshared/0271/hdl/axi_gpio_v2_0_vh_rfs.vhd:748]
WARNING: [Synth 8-6014] Unused sequential element Dual.ALLOUT0_ND_G2.READ_REG2_GEN[28].GPIO2_DBus_i_reg was removed.  [c:/Users/admin/Documents/autonomous-vehicle/Zybo-Z7/AutonomousVehicle.gen/sources_1/bd/Zynq_PS/ipshared/0271/hdl/axi_gpio_v2_0_vh_rfs.vhd:748]
WARNING: [Synth 8-6014] Unused sequential element Dual.ALLOUT0_ND_G2.READ_REG2_GEN[29].GPIO2_DBus_i_reg was removed.  [c:/Users/admin/Documents/autonomous-vehicle/Zybo-Z7/AutonomousVehicle.gen/sources_1/bd/Zynq_PS/ipshared/0271/hdl/axi_gpio_v2_0_vh_rfs.vhd:748]
WARNING: [Synth 8-6014] Unused sequential element Dual.ALLOUT0_ND_G2.READ_REG2_GEN[30].GPIO2_DBus_i_reg was removed.  [c:/Users/admin/Documents/autonomous-vehicle/Zybo-Z7/AutonomousVehicle.gen/sources_1/bd/Zynq_PS/ipshared/0271/hdl/axi_gpio_v2_0_vh_rfs.vhd:748]
WARNING: [Synth 8-6014] Unused sequential element Dual.ALLOUT0_ND_G2.READ_REG2_GEN[31].GPIO2_DBus_i_reg was removed.  [c:/Users/admin/Documents/autonomous-vehicle/Zybo-Z7/AutonomousVehicle.gen/sources_1/bd/Zynq_PS/ipshared/0271/hdl/axi_gpio_v2_0_vh_rfs.vhd:748]
WARNING: [Synth 8-7129] Port src_clk in module xpm_cdc_array_single is either unconnected or has no load
WARNING: [Synth 8-7129] Port ABus_Reg[1] in module GPIO_Core is either unconnected or has no load
WARNING: [Synth 8-7129] Port ABus_Reg[2] in module GPIO_Core is either unconnected or has no load
WARNING: [Synth 8-7129] Port ABus_Reg[3] in module GPIO_Core is either unconnected or has no load
WARNING: [Synth 8-7129] Port ABus_Reg[4] in module GPIO_Core is either unconnected or has no load
WARNING: [Synth 8-7129] Port ABus_Reg[7] in module GPIO_Core is either unconnected or has no load
WARNING: [Synth 8-7129] Port ABus_Reg[8] in module GPIO_Core is either unconnected or has no load
WARNING: [Synth 8-7129] Port BE_Reg[0] in module GPIO_Core is either unconnected or has no load
WARNING: [Synth 8-7129] Port BE_Reg[1] in module GPIO_Core is either unconnected or has no load
WARNING: [Synth 8-7129] Port BE_Reg[2] in module GPIO_Core is either unconnected or has no load
WARNING: [Synth 8-7129] Port BE_Reg[3] in module GPIO_Core is either unconnected or has no load
WARNING: [Synth 8-7129] Port Address_In_Erly[0] in module address_decoder is either unconnected or has no load
WARNING: [Synth 8-7129] Port Address_In_Erly[1] in module address_decoder is either unconnected or has no load
WARNING: [Synth 8-7129] Port Address_In_Erly[2] in module address_decoder is either unconnected or has no load
WARNING: [Synth 8-7129] Port Address_In_Erly[3] in module address_decoder is either unconnected or has no load
WARNING: [Synth 8-7129] Port Address_In_Erly[4] in module address_decoder is either unconnected or has no load
WARNING: [Synth 8-7129] Port Address_In_Erly[7] in module address_decoder is either unconnected or has no load
WARNING: [Synth 8-7129] Port Address_In_Erly[8] in module address_decoder is either unconnected or has no load
WARNING: [Synth 8-7129] Port Bus_RNW in module address_decoder is either unconnected or has no load
WARNING: [Synth 8-7129] Port S_AXI_WSTRB[3] in module slave_attachment is either unconnected or has no load
WARNING: [Synth 8-7129] Port S_AXI_WSTRB[2] in module slave_attachment is either unconnected or has no load
WARNING: [Synth 8-7129] Port S_AXI_WSTRB[1] in module slave_attachment is either unconnected or has no load
WARNING: [Synth 8-7129] Port S_AXI_WSTRB[0] in module slave_attachment is either unconnected or has no load
---------------------------------------------------------------------------------
Finished RTL Elaboration : Time (s): cpu = 00:00:11 ; elapsed = 00:00:13 . Memory (MB): peak = 1464.863 ; gain = 619.531
---------------------------------------------------------------------------------
---------------------------------------------------------------------------------
Start Handling Custom Attributes
---------------------------------------------------------------------------------
---------------------------------------------------------------------------------
Finished Handling Custom Attributes : Time (s): cpu = 00:00:11 ; elapsed = 00:00:13 . Memory (MB): peak = 1464.863 ; gain = 619.531
---------------------------------------------------------------------------------
---------------------------------------------------------------------------------
Finished RTL Optimization Phase 1 : Time (s): cpu = 00:00:11 ; elapsed = 00:00:13 . Memory (MB): peak = 1464.863 ; gain = 619.531
---------------------------------------------------------------------------------
Netlist sorting complete. Time (s): cpu = 00:00:00 ; elapsed = 00:00:00.019 . Memory (MB): peak = 1464.863 ; gain = 0.000
INFO: [Project 1-570] Preparing netlist for logic optimization

Processing XDC Constraints
Initializing timing engine
Parsing XDC File [c:/Users/admin/Documents/autonomous-vehicle/Zybo-Z7/AutonomousVehicle.gen/sources_1/bd/Zynq_PS/ip/Zynq_PS_axi_gpio_0_0/Zynq_PS_axi_gpio_0_0_ooc.xdc] for cell 'U0'
Finished Parsing XDC File [c:/Users/admin/Documents/autonomous-vehicle/Zybo-Z7/AutonomousVehicle.gen/sources_1/bd/Zynq_PS/ip/Zynq_PS_axi_gpio_0_0/Zynq_PS_axi_gpio_0_0_ooc.xdc] for cell 'U0'
Parsing XDC File [c:/Users/admin/Documents/autonomous-vehicle/Zybo-Z7/AutonomousVehicle.gen/sources_1/bd/Zynq_PS/ip/Zynq_PS_axi_gpio_0_0/Zynq_PS_axi_gpio_0_0_board.xdc] for cell 'U0'
Finished Parsing XDC File [c:/Users/admin/Documents/autonomous-vehicle/Zybo-Z7/AutonomousVehicle.gen/sources_1/bd/Zynq_PS/ip/Zynq_PS_axi_gpio_0_0/Zynq_PS_axi_gpio_0_0_board.xdc] for cell 'U0'
Parsing XDC File [C:/Users/admin/Documents/autonomous-vehicle/Zybo-Z7/AutonomousVehicle.runs/Zynq_PS_axi_gpio_0_0_synth_1/dont_touch.xdc]
Finished Parsing XDC File [C:/Users/admin/Documents/autonomous-vehicle/Zybo-Z7/AutonomousVehicle.runs/Zynq_PS_axi_gpio_0_0_synth_1/dont_touch.xdc]
INFO: [Project 1-236] Implementation specific constraints were found while reading constraint file [C:/ProgramFiles/Xilinx/2025.1/Vivado/data/ip/xpm/xpm_cdc/tcl/xpm_cdc_array_single.tcl]. These constraints will be ignored for synthesis but will be used in implementation. Impacted constraints are listed in the file [.Xil/Zynq_PS_axi_gpio_0_0_propImpl.xdc].
Resolution: To avoid this warning, move constraints listed in [.Xil/Zynq_PS_axi_gpio_0_0_propImpl.xdc] to another XDC file and exclude this new file from synthesis with the used_in_synthesis property (File Properties dialog in GUI) and re-run elaboration/synthesis.
INFO: [Project 1-1714] 2 XPM XDC files have been applied to the design.
Completed Processing XDC Constraints

Netlist sorting complete. Time (s): cpu = 00:00:00 ; elapsed = 00:00:00 . Memory (MB): peak = 1562.145 ; gain = 0.000
INFO: [Project 1-111] Unisim Transformation Summary:
No Unisim elements were transformed.

Constraint Validation Runtime : Time (s): cpu = 00:00:00 ; elapsed = 00:00:00.104 . Memory (MB): peak = 1562.145 ; gain = 0.000
INFO: [Designutils 20-5008] Incremental synthesis strategy off
---------------------------------------------------------------------------------
Finished Constraint Validation : Time (s): cpu = 00:00:24 ; elapsed = 00:00:27 . Memory (MB): peak = 1562.145 ; gain = 716.812
---------------------------------------------------------------------------------
---------------------------------------------------------------------------------
Start Loading Part and Timing Information
---------------------------------------------------------------------------------
Loading part: xc7z020clg400-1
---------------------------------------------------------------------------------
Finished Loading Part and Timing Information : Time (s): cpu = 00:00:24 ; elapsed = 00:00:27 . Memory (MB): peak = 1562.145 ; gain = 716.812
---------------------------------------------------------------------------------
---------------------------------------------------------------------------------
Start Applying 'set_property' XDC Constraints
---------------------------------------------------------------------------------
---------------------------------------------------------------------------------
Finished applying 'set_property' XDC Constraints : Time (s): cpu = 00:00:24 ; elapsed = 00:00:27 . Memory (MB): peak = 1562.145 ; gain = 716.812
---------------------------------------------------------------------------------
INFO: [Synth 8-802] inferred FSM for state register 'state_reg' in module 'slave_attachment'
---------------------------------------------------------------------------------------------------
                   State |                     New Encoding |                Previous Encoding 
---------------------------------------------------------------------------------------------------
                 iSTATE2 |                             0001 |                               00
                  iSTATE |                             0010 |                               01
                 iSTATE0 |                             0100 |                               10
                 iSTATE1 |                             1000 |                               11
---------------------------------------------------------------------------------------------------
INFO: [Synth 8-3354] encoded FSM with state register 'state_reg' using encoding 'one-hot' in module 'slave_attachment'
---------------------------------------------------------------------------------
Finished RTL Optimization Phase 2 : Time (s): cpu = 00:00:25 ; elapsed = 00:00:28 . Memory (MB): peak = 1562.145 ; gain = 716.812
---------------------------------------------------------------------------------
---------------------------------------------------------------------------------
Start RTL Component Statistics 
---------------------------------------------------------------------------------
Detailed RTL Component Info : 
+---Adders : 
	   2 Input    4 Bit       Adders := 1     
+---Registers : 
	               32 Bit    Registers := 16    
	                9 Bit    Registers := 1     
	                4 Bit    Registers := 1     
	                2 Bit    Registers := 3     
	                1 Bit    Registers := 146   
+---Muxes : 
	   2 Input   32 Bit        Muxes := 5     
	   2 Input    9 Bit        Muxes := 1     
	   4 Input    4 Bit        Muxes := 1     
	   2 Input    4 Bit        Muxes := 5     
	   2 Input    2 Bit        Muxes := 3     
	   3 Input    2 Bit        Muxes := 1     
	   4 Input    2 Bit        Muxes := 3     
	   2 Input    1 Bit        Muxes := 76    
	   4 Input    1 Bit        Muxes := 3     
---------------------------------------------------------------------------------
Finished RTL Component Statistics 
---------------------------------------------------------------------------------
---------------------------------------------------------------------------------
Start Part Resource Summary
---------------------------------------------------------------------------------
Part Resources:
DSPs: 220 (col length:60)
BRAMs: 280 (col length: RAMB18 60 RAMB36 30)
---------------------------------------------------------------------------------
Finished Part Resource Summary
---------------------------------------------------------------------------------
---------------------------------------------------------------------------------
Start Cross Boundary and Area Optimization
---------------------------------------------------------------------------------
WARNING: [Synth 8-7080] Parallel synthesis criteria is not met
WARNING: [Synth 8-7129] Port src_clk in module xpm_cdc_array_single is either unconnected or has no load
WARNING: [Synth 8-7129] Port s_axi_wstrb[3] in module axi_gpio is either unconnected or has no load
WARNING: [Synth 8-7129] Port s_axi_wstrb[2] in module axi_gpio is either unconnected or has no load
WARNING: [Synth 8-7129] Port s_axi_wstrb[1] in module axi_gpio is either unconnected or has no load
WARNING: [Synth 8-7129] Port s_axi_wstrb[0] in module axi_gpio is either unconnected or has no load
---------------------------------------------------------------------------------
Finished Cross Boundary and Area Optimization : Time (s): cpu = 00:00:29 ; elapsed = 00:00:32 . Memory (MB): peak = 1562.145 ; gain = 716.812
---------------------------------------------------------------------------------
---------------------------------------------------------------------------------
Start Applying XDC Timing Constraints
---------------------------------------------------------------------------------
---------------------------------------------------------------------------------
Finished Applying XDC Timing Constraints : Time (s): cpu = 00:00:38 ; elapsed = 00:00:42 . Memory (MB): peak = 1665.676 ; gain = 820.344
---------------------------------------------------------------------------------
---------------------------------------------------------------------------------
Start Timing Optimization
---------------------------------------------------------------------------------
---------------------------------------------------------------------------------
Finished Timing Optimization : Time (s): cpu = 00:00:38 ; elapsed = 00:00:42 . Memory (MB): peak = 1696.531 ; gain = 851.199
---------------------------------------------------------------------------------
---------------------------------------------------------------------------------
Start Technology Mapping
---------------------------------------------------------------------------------
---------------------------------------------------------------------------------
Finished Technology Mapping : Time (s): cpu = 00:00:39 ; elapsed = 00:00:42 . Memory (MB): peak = 1696.531 ; gain = 851.199
---------------------------------------------------------------------------------
---------------------------------------------------------------------------------
Start IO Insertion
---------------------------------------------------------------------------------
---------------------------------------------------------------------------------
Start Flattening Before IO Insertion
---------------------------------------------------------------------------------
---------------------------------------------------------------------------------
Finished Flattening Before IO Insertion
---------------------------------------------------------------------------------
---------------------------------------------------------------------------------
Start Final Netlist Cleanup
---------------------------------------------------------------------------------
---------------------------------------------------------------------------------
Finished Final Netlist Cleanup
---------------------------------------------------------------------------------
---------------------------------------------------------------------------------
Finished IO Insertion : Time (s): cpu = 00:00:44 ; elapsed = 00:00:48 . Memory (MB): peak = 1911.270 ; gain = 1065.938
---------------------------------------------------------------------------------
---------------------------------------------------------------------------------
Start Renaming Generated Instances
---------------------------------------------------------------------------------
---------------------------------------------------------------------------------
Finished Renaming Generated Instances : Time (s): cpu = 00:00:44 ; elapsed = 00:00:48 . Memory (MB): peak = 1911.270 ; gain = 1065.938
---------------------------------------------------------------------------------
---------------------------------------------------------------------------------
Start Rebuilding User Hierarchy
---------------------------------------------------------------------------------
---------------------------------------------------------------------------------
Finished Rebuilding User Hierarchy : Time (s): cpu = 00:00:44 ; elapsed = 00:00:49 . Memory (MB): peak = 1911.270 ; gain = 1065.938
---------------------------------------------------------------------------------
---------------------------------------------------------------------------------
Start Renaming Generated Ports
---------------------------------------------------------------------------------
---------------------------------------------------------------------------------
Finished Renaming Generated Ports : Time (s): cpu = 00:00:45 ; elapsed = 00:00:49 . Memory (MB): peak = 1911.270 ; gain = 1065.938
---------------------------------------------------------------------------------
---------------------------------------------------------------------------------
Start Handling Custom Attributes
---------------------------------------------------------------------------------
---------------------------------------------------------------------------------
Finished Handling Custom Attributes : Time (s): cpu = 00:00:45 ; elapsed = 00:00:49 . Memory (MB): peak = 1911.270 ; gain = 1065.938
---------------------------------------------------------------------------------
---------------------------------------------------------------------------------
Start Renaming Generated Nets
---------------------------------------------------------------------------------
---------------------------------------------------------------------------------
Finished Renaming Generated Nets : Time (s): cpu = 00:00:45 ; elapsed = 00:00:49 . Memory (MB): peak = 1911.270 ; gain = 1065.938
---------------------------------------------------------------------------------
---------------------------------------------------------------------------------
Start Writing Synthesis Report
---------------------------------------------------------------------------------

Report BlackBoxes: 
+-+--------------+----------+
| |BlackBox name |Instances |
+-+--------------+----------+
+-+--------------+----------+

Report Cell Usage: 
+------+-----+------+
|      |Cell |Count |
+------+-----+------+
|1     |LUT1 |     2|
|2     |LUT2 |    12|
|3     |LUT3 |     7|
|4     |LUT4 |     6|
|5     |LUT5 |   108|
|6     |LUT6 |   104|
|7     |FDRE |   605|
|8     |FDSE |    65|
+------+-----+------+
---------------------------------------------------------------------------------
Finished Writing Synthesis Report : Time (s): cpu = 00:00:45 ; elapsed = 00:00:49 . Memory (MB): peak = 1911.270 ; gain = 1065.938
---------------------------------------------------------------------------------
Synthesis finished with 0 errors, 0 critical warnings and 6 warnings.
Synthesis Optimization Runtime : Time (s): cpu = 00:00:31 ; elapsed = 00:00:45 . Memory (MB): peak = 1911.270 ; gain = 968.656
Synthesis Optimization Complete : Time (s): cpu = 00:00:45 ; elapsed = 00:00:49 . Memory (MB): peak = 1911.270 ; gain = 1065.938
INFO: [Project 1-571] Translating synthesized netlist
Netlist sorting complete. Time (s): cpu = 00:00:00 ; elapsed = 00:00:00.018 . Memory (MB): peak = 1920.332 ; gain = 0.000
INFO: [Project 1-570] Preparing netlist for logic optimization
INFO: [Opt 31-138] Pushed 0 inverter(s) to 0 load pin(s).
Netlist sorting complete. Time (s): cpu = 00:00:00 ; elapsed = 00:00:00 . Memory (MB): peak = 1924.016 ; gain = 0.000
INFO: [Project 1-111] Unisim Transformation Summary:
No Unisim elements were transformed.

Synth Design complete | Checksum: b06db8c1
INFO: [Common 17-83] Releasing license: Synthesis
44 Infos, 93 Warnings, 0 Critical Warnings and 0 Errors encountered.
synth_design completed successfully
synth_design: Time (s): cpu = 00:00:50 ; elapsed = 00:00:56 . Memory (MB): peak = 1924.016 ; gain = 1307.707
Write ShapeDB Complete: Time (s): cpu = 00:00:00 ; elapsed = 00:00:00.001 . Memory (MB): peak = 1924.016 ; gain = 0.000
INFO: [Common 17-1381] The checkpoint 'C:/Users/admin/Documents/autonomous-vehicle/Zybo-Z7/AutonomousVehicle.runs/Zynq_PS_axi_gpio_0_0_synth_1/Zynq_PS_axi_gpio_0_0.dcp' has been generated.
INFO: [Coretcl 2-1648] Added synthesis output to IP cache for IP Zynq_PS_axi_gpio_0_0, cache-ID = 7eb1b7eb41df1b57
INFO: [Coretcl 2-1174] Renamed 7 cell refs.
Write ShapeDB Complete: Time (s): cpu = 00:00:00 ; elapsed = 00:00:00.004 . Memory (MB): peak = 1924.016 ; gain = 0.000
INFO: [Common 17-1381] The checkpoint 'C:/Users/admin/Documents/autonomous-vehicle/Zybo-Z7/AutonomousVehicle.runs/Zynq_PS_axi_gpio_0_0_synth_1/Zynq_PS_axi_gpio_0_0.dcp' has been generated.
INFO: [Vivado 12-24828] Executing command : report_utilization -file Zynq_PS_axi_gpio_0_0_utilization_synth.rpt -pb Zynq_PS_axi_gpio_0_0_utilization_synth.pb
INFO: [Common 17-206] Exiting Vivado at Fri Oct 31 16:45:48 2025...
