Copyright 1986-2022 Xilinx, Inc. All Rights Reserved. Copyright 2022-2025 Advanced Micro Devices, Inc. All Rights Reserved.
---------------------------------------------------------------------------------------------------------------------------------------------
| Tool Version : Vivado v.2025.1 (win64) Build 6140274 Thu May 22 00:12:29 MDT 2025
| Date         : Fri Oct 31 17:37:39 2025
| Host         : Lavie03 running 64-bit major release  (build 9200)
| Command      : report_control_sets -verbose -file AutonomousVehicle_control_sets_placed.rpt
| Design       : AutonomousVehicle
| Device       : xc7z020
---------------------------------------------------------------------------------------------------------------------------------------------

Control Set Information

Table of Contents
-----------------
1. Summary
2. Histogram
3. Flip-Flop Distribution
4. Detailed Control Set Information

1. Summary
----------

+----------------------------------------------------------+-------+
|                          Status                          | Count |
+----------------------------------------------------------+-------+
| Total control sets                                       |    53 |
|    Minimum number of control sets                        |    53 |
|    Addition due to synthesis replication                 |     0 |
|    Addition due to physical synthesis replication        |     0 |
| Unused register locations in slices containing registers |   170 |
+----------------------------------------------------------+-------+
* Control sets can be merged at opt_design using control_set_merge or merge_equivalent_drivers
** Run report_qor_suggestions for automated merging and remapping suggestions


2. Histogram
------------

+--------------------+-------+
|       Fanout       | Count |
+--------------------+-------+
| Total control sets |    53 |
| >= 0 to < 4        |    16 |
| >= 4 to < 6        |     6 |
| >= 6 to < 8        |     2 |
| >= 8 to < 10       |     5 |
| >= 10 to < 12      |     1 |
| >= 12 to < 14      |     5 |
| >= 14 to < 16      |     0 |
| >= 16              |    18 |
+--------------------+-------+
* Control sets can be remapped at either synth_design or opt_design


3. Flip-Flop Distribution
-------------------------

+--------------+-----------------------+------------------------+-----------------+--------------+
| Clock Enable | Synchronous Set/Reset | Asynchronous Set/Reset | Total Registers | Total Slices |
+--------------+-----------------------+------------------------+-----------------+--------------+
| No           | No                    | No                     |             456 |          113 |
| No           | No                    | Yes                    |              27 |            9 |
| No           | Yes                   | No                     |             235 |           91 |
| Yes          | No                    | No                     |             222 |           56 |
| Yes          | No                    | Yes                    |               0 |            0 |
| Yes          | Yes                   | No                     |             338 |           79 |
+--------------+-----------------------+------------------------+-----------------+--------------+


4. Detailed Control Set Information
-----------------------------------

+------------------------------------------------+------------------------------------------------------------------------------------------------------------------------------------------------------------------+---------------------------------------------------------------------------------------------------------------------+------------------+----------------+--------------+
|                  Clock Signal                  |                                                                           Enable Signal                                                                          |                                                   Set/Reset Signal                                                  | Slice Load Count | Bel Load Count | Bels / Slice |
+------------------------------------------------+------------------------------------------------------------------------------------------------------------------------------------------------------------------+---------------------------------------------------------------------------------------------------------------------+------------------+----------------+--------------+
|  Zynq_PS_0/processing_system7_0/inst/FCLK_CLK0 |                                                                                                                                                                  | Zynq_PS_0/axi_smc/inst/s00_nodes/s00_r_node/inst/s_sc_areset_pipe                                                   |                1 |              1 |         1.00 |
|  Zynq_PS_0/processing_system7_0/inst/FCLK_CLK0 |                                                                                                                                                                  | Zynq_PS_0/axi_smc/inst/s00_nodes/s00_ar_node/inst/s_sc_areset_pipe                                                  |                1 |              1 |         1.00 |
|  Zynq_PS_0/processing_system7_0/inst/FCLK_CLK0 |                                                                                                                                                                  | Zynq_PS_0/axi_smc/inst/s00_nodes/s00_b_node/inst/s_sc_areset_pipe                                                   |                1 |              1 |         1.00 |
|  Zynq_PS_0/processing_system7_0/inst/FCLK_CLK0 |                                                                                                                                                                  | Zynq_PS_0/axi_smc/inst/s00_nodes/s00_aw_node/inst/s_sc_areset_pipe                                                  |                1 |              1 |         1.00 |
|  Zynq_PS_0/processing_system7_0/inst/FCLK_CLK0 |                                                                                                                                                                  | Zynq_PS_0/axi_smc/inst/s00_nodes/s00_w_node/inst/s_sc_areset_pipe                                                   |                1 |              1 |         1.00 |
|  Zynq_PS_0/processing_system7_0/inst/FCLK_CLK0 |                                                                                                                                                                  | Zynq_PS_0/axi_smc/inst/s00_nodes/s00_aw_node/inst/s_sc_xpm_cdc_async_rst_inst/reset_pol                             |                1 |              3 |         3.00 |
|  Zynq_PS_0/processing_system7_0/inst/FCLK_CLK0 |                                                                                                                                                                  | Zynq_PS_0/axi_smc/inst/s00_nodes/s00_b_node/inst/s_sc_xpm_cdc_async_rst_inst/reset_pol                              |                1 |              3 |         3.00 |
|  Zynq_PS_0/processing_system7_0/inst/FCLK_CLK0 |                                                                                                                                                                  | Zynq_PS_0/axi_smc/inst/m00_exit_pipeline/m00_exit/inst/xpm_cdc_async_rst_inst/reset_pol                             |                1 |              3 |         3.00 |
|  Zynq_PS_0/processing_system7_0/inst/FCLK_CLK0 |                                                                                                                                                                  | Zynq_PS_0/axi_smc/inst/s00_entry_pipeline/s00_si_converter/inst/xpm_cdc_async_rst_inst/reset_pol                    |                1 |              3 |         3.00 |
|  Zynq_PS_0/processing_system7_0/inst/FCLK_CLK0 |                                                                                                                                                                  | Zynq_PS_0/axi_smc/inst/s00_nodes/s00_r_node/inst/s_sc_xpm_cdc_async_rst_inst/reset_pol                              |                1 |              3 |         3.00 |
|  Zynq_PS_0/processing_system7_0/inst/FCLK_CLK0 |                                                                                                                                                                  | Zynq_PS_0/axi_smc/inst/s00_nodes/s00_ar_node/inst/s_sc_xpm_cdc_async_rst_inst/reset_pol                             |                1 |              3 |         3.00 |
|  Zynq_PS_0/processing_system7_0/inst/FCLK_CLK0 |                                                                                                                                                                  | Zynq_PS_0/axi_smc/inst/s00_nodes/s00_w_node/inst/s_sc_xpm_cdc_async_rst_inst/reset_pol                              |                1 |              3 |         3.00 |
|  Zynq_PS_0/processing_system7_0/inst/FCLK_CLK0 | Zynq_PS_0/axi_smc/inst/s00_nodes/s00_ar_node/inst/inst_mi_handler/gen_normal_area.inst_fifo_node_payld/gen_reg_fifo.inst_reg_fifo/gen_single_rank.inst_cntr/E[0] |                                                                                                                     |                1 |              3 |         3.00 |
|  Zynq_PS_0/processing_system7_0/inst/FCLK_CLK0 |                                                                                                                                                                  | Zynq_PS_0/axi_smc/inst/s00_entry_pipeline/s00_mmu/inst/xpm_cdc_async_rst_inst/reset_pol                             |                1 |              3 |         3.00 |
|  Zynq_PS_0/processing_system7_0/inst/FCLK_CLK0 | Zynq_PS_0/axi_smc/inst/s00_nodes/s00_aw_node/inst/inst_mi_handler/gen_normal_area.inst_fifo_node_payld/gen_reg_fifo.inst_reg_fifo/gen_single_rank.inst_cntr/E[0] |                                                                                                                     |                1 |              3 |         3.00 |
|  Zynq_PS_0/processing_system7_0/inst/FCLK_CLK0 |                                                                                                                                                                  | Zynq_PS_0/axi_smc/inst/s00_entry_pipeline/s00_transaction_regulator/inst/xpm_cdc_async_rst_inst/reset_pol           |                1 |              3 |         3.00 |
|  Zynq_PS_0/processing_system7_0/inst/FCLK_CLK0 |                                                                                                                                                                  | Zynq_PS_0/rst_ps7_0_100M/U0/EXT_LPF/lpf_int                                                                         |                2 |              4 |         2.00 |
|  Zynq_PS_0/processing_system7_0/inst/FCLK_CLK0 |                                                                                                                                                                  | Zynq_PS_0/axi_smc/inst/clk_map/psr_aclk/U0/EXT_LPF/lpf_int                                                          |                1 |              4 |         4.00 |
|  Zynq_PS_0/processing_system7_0/inst/FCLK_CLK0 |                                                                                                                                                                  | Zynq_PS_0/axi_gpio_0/U0/AXI_LITE_IPIF_I/I_SLAVE_ATTACHMENT/clear                                                    |                2 |              4 |         2.00 |
|  Zynq_PS_0/processing_system7_0/inst/FCLK_CLK0 | Zynq_PS_0/axi_gpio_0/U0/AXI_LITE_IPIF_I/I_SLAVE_ATTACHMENT/start2                                                                                                | Zynq_PS_0/axi_gpio_0/U0/AXI_LITE_IPIF_I/I_SLAVE_ATTACHMENT/I_DECODER/cs_ce_clr                                      |                1 |              4 |         4.00 |
|  Zynq_PS_0/processing_system7_0/inst/FCLK_CLK0 | Zynq_PS_0/axi_smc/inst/s00_entry_pipeline/s00_si_converter/inst/gen_axilite_conv.axilite_conv_inst/r_state                                                       | Zynq_PS_0/axi_smc/inst/s00_entry_pipeline/s00_si_converter/inst/areset                                              |                1 |              4 |         4.00 |
|  Zynq_PS_0/processing_system7_0/inst/FCLK_CLK0 | Zynq_PS_0/axi_gpio_0/U0/AXI_LITE_IPIF_I/I_SLAVE_ATTACHMENT/bus2ip_addr_i[8]_i_1_n_0                                                                              | Zynq_PS_0/axi_gpio_0/U0/AXI_LITE_IPIF_I/I_SLAVE_ATTACHMENT/SR[0]                                                    |                1 |              4 |         4.00 |
|  Zynq_PS_0/processing_system7_0/inst/FCLK_CLK0 | Zynq_PS_0/axi_smc/inst/clk_map/psr_aclk/U0/SEQ/seq_cnt_en                                                                                                        | Zynq_PS_0/axi_smc/inst/clk_map/psr_aclk/U0/SEQ/SEQ_COUNTER/clear                                                    |                1 |              6 |         6.00 |
|  Zynq_PS_0/processing_system7_0/inst/FCLK_CLK0 | Zynq_PS_0/rst_ps7_0_100M/U0/SEQ/seq_cnt_en                                                                                                                       | Zynq_PS_0/rst_ps7_0_100M/U0/SEQ/SEQ_COUNTER/clear                                                                   |                1 |              6 |         6.00 |
|  Zynq_PS_0/processing_system7_0/inst/FCLK_CLK0 | Zynq_PS_0/axi_smc/inst/s00_entry_pipeline/s00_si_converter/inst/gen_axilite_conv.axilite_conv_inst/ar_cnt[7]_i_1_n_0                                             | Zynq_PS_0/axi_smc/inst/s00_entry_pipeline/s00_si_converter/inst/areset                                              |                3 |              8 |         2.67 |
|  Zynq_PS_0/processing_system7_0/inst/FCLK_CLK0 | Zynq_PS_0/axi_smc/inst/s00_entry_pipeline/s00_si_converter/inst/gen_axilite_conv.axilite_conv_inst/r_beats[7]_i_1_n_0                                            | Zynq_PS_0/axi_smc/inst/s00_entry_pipeline/s00_si_converter/inst/areset                                              |                3 |              8 |         2.67 |
|  Zynq_PS_0/processing_system7_0/inst/FCLK_CLK0 | Zynq_PS_0/axi_smc/inst/s00_entry_pipeline/s00_mmu/inst/gen_endpoint.decerr_slave_inst/gen_axi.gen_read.read_cnt[7]_i_1_n_0                                       | Zynq_PS_0/axi_smc/inst/s00_entry_pipeline/s00_mmu/inst/areset                                                       |                3 |              8 |         2.67 |
|  Zynq_PS_0/processing_system7_0/inst/FCLK_CLK0 | Zynq_PS_0/axi_smc/inst/s00_entry_pipeline/s00_si_converter/inst/gen_axilite_conv.axilite_conv_inst/s_buser                                                       | Zynq_PS_0/axi_smc/inst/s00_entry_pipeline/s00_si_converter/inst/gen_axilite_conv.axilite_conv_inst/b_cnt[8]_i_1_n_0 |                3 |              9 |         3.00 |
|  Zynq_PS_0/processing_system7_0/inst/FCLK_CLK0 | Zynq_PS_0/axi_smc/inst/s00_entry_pipeline/s00_si_converter/inst/gen_axilite_conv.axilite_conv_inst/w_cnt[8]_i_1_n_0                                              | Zynq_PS_0/axi_smc/inst/s00_entry_pipeline/s00_si_converter/inst/areset                                              |                3 |              9 |         3.00 |
|  Zynq_PS_0/processing_system7_0/inst/FCLK_CLK0 | Zynq_PS_0/axi_smc/inst/s00_entry_pipeline/s00_si_converter/inst/gen_axilite_conv.axilite_conv_inst/ar_addr_d[8]_i_1_n_0                                          | Zynq_PS_0/axi_smc/inst/s00_entry_pipeline/s00_si_converter/inst/areset                                              |                4 |             10 |         2.50 |
|  Zynq_PS_0/processing_system7_0/inst/FCLK_CLK0 | Zynq_PS_0/axi_smc/inst/s00_entry_pipeline/s00_si_converter/inst/gen_axilite_conv.axilite_conv_inst/aw_addr[8]_i_1_n_0                                            | Zynq_PS_0/axi_smc/inst/s00_entry_pipeline/s00_si_converter/inst/areset                                              |                5 |             12 |         2.40 |
|  Zynq_PS_0/processing_system7_0/inst/FCLK_CLK0 | Zynq_PS_0/axi_smc/inst/s00_entry_pipeline/s00_mmu/inst/gen_endpoint.decerr_slave_inst/gen_axi.gen_write.s_axi_bid_i[11]_i_1_n_0                                  | Zynq_PS_0/axi_smc/inst/s00_entry_pipeline/s00_mmu/inst/areset                                                       |                5 |             12 |         2.40 |
|  Zynq_PS_0/processing_system7_0/inst/FCLK_CLK0 | Zynq_PS_0/axi_smc/inst/s00_entry_pipeline/s00_mmu/inst/gen_endpoint.decerr_slave_inst/gen_axi.gen_read.s_axi_rid_i[11]_i_1_n_0                                   | Zynq_PS_0/axi_smc/inst/s00_entry_pipeline/s00_mmu/inst/areset                                                       |                3 |             12 |         4.00 |
|  Zynq_PS_0/processing_system7_0/inst/FCLK_CLK0 | Zynq_PS_0/axi_smc/inst/s00_entry_pipeline/s00_transaction_regulator/inst/gen_endpoint.gen_r_singleorder.r_singleorder/gen_id_reg.s_rid_i0                        |                                                                                                                     |                3 |             12 |         4.00 |
|  Zynq_PS_0/processing_system7_0/inst/FCLK_CLK0 | Zynq_PS_0/axi_smc/inst/s00_entry_pipeline/s00_transaction_regulator/inst/gen_endpoint.gen_w_singleorder.w_singleorder/gen_id_reg.s_rid_i0                        |                                                                                                                     |                4 |             12 |         3.00 |
|  Zynq_PS_0/processing_system7_0/inst/FCLK_CLK0 |                                                                                                                                                                  | Zynq_PS_0/axi_smc/inst/s00_entry_pipeline/s00_si_converter/inst/areset                                              |               12 |             20 |         1.67 |
|  Zynq_PS_0/processing_system7_0/inst/FCLK_CLK0 |                                                                                                                                                                  | Zynq_PS_0/axi_smc/inst/s00_entry_pipeline/s00_mmu/inst/areset                                                       |               13 |             23 |         1.77 |
|  Zynq_PS_0/processing_system7_0/inst/FCLK_CLK0 | Zynq_PS_0/axi_smc/inst/s00_entry_pipeline/s00_si_converter/inst/gen_axilite_conv.axilite_conv_inst/m_aruser                                                      | Zynq_PS_0/axi_smc/inst/s00_entry_pipeline/s00_si_converter/inst/areset                                              |                8 |             30 |         3.75 |
|  Zynq_PS_0/processing_system7_0/inst/FCLK_CLK0 | Zynq_PS_0/axi_smc/inst/s00_entry_pipeline/s00_mmu/inst/ar_reg_stall/m_vector_i                                                                                   |                                                                                                                     |               11 |             32 |         2.91 |
|  Zynq_PS_0/processing_system7_0/inst/FCLK_CLK0 | Zynq_PS_0/axi_smc/inst/s00_entry_pipeline/s00_mmu/inst/aw_reg_stall/m_vector_i                                                                                   |                                                                                                                     |                8 |             32 |         4.00 |
|  Zynq_PS_0/processing_system7_0/inst/FCLK_CLK0 | Zynq_PS_0/axi_smc/inst/s00_entry_pipeline/s00_mmu/inst/aw_reg_stall/skid_buffer[1136]_i_1__0_n_0                                                                 |                                                                                                                     |                9 |             32 |         3.56 |
|  Zynq_PS_0/processing_system7_0/inst/FCLK_CLK0 | Zynq_PS_0/axi_gpio_0/U0/AXI_LITE_IPIF_I/I_SLAVE_ATTACHMENT/s_axi_rresp_i                                                                                         | Zynq_PS_0/axi_gpio_0/U0/AXI_LITE_IPIF_I/I_SLAVE_ATTACHMENT/SR[0]                                                    |                4 |             32 |         8.00 |
|  Zynq_PS_0/processing_system7_0/inst/FCLK_CLK0 | Zynq_PS_0/axi_gpio_0/U0/AXI_LITE_IPIF_I/I_SLAVE_ATTACHMENT/I_DECODER/bus2ip_rnw_i_reg_1[0]                                                                       | Zynq_PS_0/axi_gpio_0/U0/AXI_LITE_IPIF_I/I_SLAVE_ATTACHMENT/SR[0]                                                    |                6 |             32 |         5.33 |
|  Zynq_PS_0/processing_system7_0/inst/FCLK_CLK0 | Zynq_PS_0/axi_gpio_0/U0/AXI_LITE_IPIF_I/I_SLAVE_ATTACHMENT/I_DECODER/E[0]                                                                                        | Zynq_PS_0/axi_gpio_0/U0/AXI_LITE_IPIF_I/I_SLAVE_ATTACHMENT/SR[0]                                                    |                6 |             32 |         5.33 |
|  Zynq_PS_0/processing_system7_0/inst/FCLK_CLK0 | Zynq_PS_0/axi_smc/inst/s00_entry_pipeline/s00_si_converter/inst/gen_axilite_conv.axilite_conv_inst/s_axi_rdata_i[31]_i_1_n_0                                     | Zynq_PS_0/axi_smc/inst/s00_entry_pipeline/s00_si_converter/inst/areset                                              |                7 |             32 |         4.57 |
|  Zynq_PS_0/processing_system7_0/inst/FCLK_CLK0 | Zynq_PS_0/axi_gpio_0/U0/AXI_LITE_IPIF_I/I_SLAVE_ATTACHMENT/I_DECODER/bus2ip_rnw_i_reg_0[0]                                                                       | Zynq_PS_0/axi_gpio_0/U0/AXI_LITE_IPIF_I/I_SLAVE_ATTACHMENT/SR[0]                                                    |                5 |             32 |         6.40 |
|  Zynq_PS_0/processing_system7_0/inst/FCLK_CLK0 | Zynq_PS_0/axi_smc/inst/s00_entry_pipeline/s00_mmu/inst/ar_reg_stall/skid_buffer[1136]_i_1_n_0                                                                    |                                                                                                                     |                9 |             32 |         3.56 |
|  Zynq_PS_0/processing_system7_0/inst/FCLK_CLK0 | Zynq_PS_0/axi_smc/inst/s00_nodes/s00_r_node/inst/inst_mi_handler/gen_normal_area.inst_fifo_node_payld/gen_reg_fifo.inst_reg_fifo/gen_single_rank.inst_cntr/E[0]  |                                                                                                                     |                5 |             32 |         6.40 |
|  Zynq_PS_0/processing_system7_0/inst/FCLK_CLK0 | Zynq_PS_0/axi_smc/inst/s00_nodes/s00_w_node/inst/inst_mi_handler/gen_normal_area.inst_fifo_node_payld/gen_reg_fifo.inst_reg_fifo/gen_single_rank.inst_cntr/E[0]  |                                                                                                                     |                5 |             32 |         6.40 |
|  Zynq_PS_0/processing_system7_0/inst/FCLK_CLK0 | Zynq_PS_0/axi_gpio_0/U0/AXI_LITE_IPIF_I/I_SLAVE_ATTACHMENT/I_DECODER/bus2ip_rnw_i_reg[0]                                                                         | Zynq_PS_0/axi_gpio_0/U0/AXI_LITE_IPIF_I/I_SLAVE_ATTACHMENT/SR[0]                                                    |                6 |             36 |         6.00 |
|  Zynq_PS_0/processing_system7_0/inst/FCLK_CLK0 |                                                                                                                                                                  | Zynq_PS_0/axi_gpio_0/U0/AXI_LITE_IPIF_I/I_SLAVE_ATTACHMENT/SR[0]                                                    |               15 |             47 |         3.13 |
|  Zynq_PS_0/processing_system7_0/inst/FCLK_CLK0 |                                                                                                                                                                  | Zynq_PS_0/axi_gpio_0/U0/AXI_LITE_IPIF_I/I_SLAVE_ATTACHMENT/I_DECODER/bus2ip_rnw_i_reg_2                             |               41 |            128 |         3.12 |
|  Zynq_PS_0/processing_system7_0/inst/FCLK_CLK0 |                                                                                                                                                                  |                                                                                                                     |              115 |            458 |         3.98 |
+------------------------------------------------+------------------------------------------------------------------------------------------------------------------------------------------------------------------+---------------------------------------------------------------------------------------------------------------------+------------------+----------------+--------------+


